
-----
Test: None
Time: 2023-12-09 16:26:07.522122
Request method: POST
Request URL: https://rahulshettyacademy.com/maps/api/place/add/json?key=qaclick123

Response code: 200
Response text: {"status":"OK","place_id":"90779668be3099f6d1d3180e298bd7c3","scope":"APP",
"reference":"8b3677b8626cec3a5ca91074e79a90278b3677b8626cec3a5ca91074e79a9027","id":"8b3677b8626cec3a5ca91074e79a9027"}
Response headers: {'Date': 'Sat, 09 Dec 2023 14:25:20 GMT', 'Server': 'Apache/2.4.52 (Ubuntu)',
 'Access-Control-Allow-Origin': '*', 'Access-Control-Allow-Methods': 'POST', 'Access-Control-Max-Age': '3600',
  'Access-Control-Allow-Headers': 'Content-Type, Access-Control-Allow-Headers, Authorization, X-Requested-With',
   'Content-Length': '194', 'Keep-Alive': 'timeout=5, max=100', 'Connection': 'Keep-Alive',
    'Content-Type': 'application/json;charset=UTF-8'}
Response cookies: {}

-----

-----
Test: None
Time: 2023-12-09 16:26:08.286474
Request method: GET
Request URL: https://rahulshettyacademy.com/maps/api/place/get/json?key=qaclick123&place_id=90779668be3099f6d1d3180e298bd7c3

Response code: 200
Response text: {"location":{"latitude":"-38.383494","longitude":"33.427362"},"accuracy":"50","name":"Frontline house",
"phone_number":"(+91) 983 893 3937","address":"29, side layout, cohen 09","types":"shoe park,shop",
"website":"http:\/\/google.com","language":"French-IN"}
Response headers: {'Date': 'Sat, 09 Dec 2023 14:25:21 GMT', 'Server': 'Apache/2.4.52 (Ubuntu)',
 'Access-Control-Allow-Origin': '*', 'Access-Control-Allow-Methods': 'POST', 'Access-Control-Max-Age': '3600',
  'Access-Control-Allow-Headers': 'Content-Type, Access-Control-Allow-Headers, Authorization, X-Requested-With',
   'Content-Length': '257', 'Keep-Alive': 'timeout=5, max=100', 'Connection': 'Keep-Alive',
    'Content-Type': 'application/json;charset=UTF-8'}
Response cookies: {}

-----

-----
Test: None
Time: 2023-12-09 16:26:09.441914
Request method: PUT
Request URL: https://rahulshettyacademy.com/maps/api/place/update/json?key=qaclick123

Response code: 200
Response text: {"msg":"Address successfully updated"}
Response headers: {'Date': 'Sat, 09 Dec 2023 14:25:22 GMT', 'Server': 'Apache/2.4.52 (Ubuntu)',
 'Access-Control-Allow-Origin': '*', 'Access-Control-Allow-Methods': 'POST', 'Access-Control-Max-Age': '3600',
  'Access-Control-Allow-Headers': 'Content-Type, Access-Control-Allow-Headers, Authorization, X-Requested-With',
   'Content-Length': '38', 'Keep-Alive': 'timeout=5, max=100', 'Connection': 'Keep-Alive',
    'Content-Type': 'application/json;charset=UTF-8'}
Response cookies: {}

-----

-----
Test: None
Time: 2023-12-09 16:26:10.823938
Request method: GET
Request URL: https://rahulshettyacademy.com/maps/api/place/get/json?key=qaclick123&place_id=90779668be3099f6d1d3180e298bd7c3

Response code: 200
Response text: {"location":{"latitude":"-38.383494","longitude":"33.427362"},"accuracy":"50",
"name":"Frontline house","phone_number":"(+91) 983 893 3937","address":"100 Lenina street, RU",
"types":"shoe park,shop","website":"http:\/\/google.com","language":"French-IN"}
Response headers: {'Date': 'Sat, 09 Dec 2023 14:25:23 GMT', 'Server': 'Apache/2.4.52 (Ubuntu)',
 'Access-Control-Allow-Origin': '*', 'Access-Control-Allow-Methods': 'POST', 'Access-Control-Max-Age': '3600',
  'Access-Control-Allow-Headers': 'Content-Type, Access-Control-Allow-Headers, Authorization, X-Requested-With',
   'Content-Length': '253', 'Keep-Alive': 'timeout=5, max=100', 'Connection': 'Keep-Alive',
    'Content-Type': 'application/json;charset=UTF-8'}
Response cookies: {}

-----

-----
Test: None
Time: 2023-12-09 16:26:12.080826
Request method: DELETE
Request URL: https://rahulshettyacademy.com/maps/api/place/delete/json?key=qaclick123

Response code: 200
Response text: {"status":"OK"}
Response headers: {'Date': 'Sat, 09 Dec 2023 14:25:25 GMT', 'Server': 'Apache/2.4.52 (Ubuntu)',
 'Access-Control-Allow-Origin': '*', 'Access-Control-Allow-Methods': 'POST', 'Access-Control-Max-Age': '3600',
  'Access-Control-Allow-Headers': 'Content-Type, Access-Control-Allow-Headers, Authorization, X-Requested-With',
   'Content-Length': '15', 'Keep-Alive': 'timeout=5, max=100', 'Connection': 'Keep-Alive',
    'Content-Type': 'application/json;charset=UTF-8'}
Response cookies: {}

-----

-----
Test: None
Time: 2023-12-09 16:26:13.545217
Request method: GET
Request URL: https://rahulshettyacademy.com/maps/api/place/get/json?key=qaclick123&place_id=90779668be3099f6d1d3180e298bd7c3

Response code: 404
Response text: {"msg":"Get operation failed, looks like place_id  doesn't exists"}
Response headers: {'Date': 'Sat, 09 Dec 2023 14:25:26 GMT', 'Server': 'Apache/2.4.52 (Ubuntu)',
 'Access-Control-Allow-Origin': '*', 'Access-Control-Allow-Methods': 'POST', 'Access-Control-Max-Age': '3600',
  'Access-Control-Allow-Headers': 'Content-Type, Access-Control-Allow-Headers, Authorization, X-Requested-With',
   'Content-Length': '67', 'Keep-Alive': 'timeout=5, max=100', 'Connection': 'Keep-Alive',
    'Content-Type': 'application/json;charset=UTF-8'}
Response cookies: {}

-----
